Using pre-set license
Built from '2020.3/staging' branch; Version is '2020.3.18f1 (a7d1c678663c) revision 10998214'; Using compiler version '192528614'; Build Type 'Release'
OS: 'Windows 10 Pro; OS build 17763.737; Version 1809; 64bit' Language: 'zh' Physical Memory: 16250 MB
BatchMode: 1, IsHumanControllingUs: 0, StartBugReporterOnCrash: 0, Is64bit: 1, IsPro: 0

COMMAND LINE ARGUMENTS:
C:\Program Files\Unity\Hub\Editor\2020.3.18f1\Editor\Unity.exe
-adb2
-batchMode
-noUpm
-name
AssetImportWorker0
-projectPath
E:/KenQu_Unity/Unity_HC_TC_2D_2048_Horizontal_20210918/2048_Horizontal_20210918
-logFile
Logs/AssetImportWorker0.log
-srvPort
58899
Successfully changed project path to: E:/KenQu_Unity/Unity_HC_TC_2D_2048_Horizontal_20210918/2048_Horizontal_20210918
E:/KenQu_Unity/Unity_HC_TC_2D_2048_Horizontal_20210918/2048_Horizontal_20210918
Using Asset Import Pipeline V2.
Refreshing native plugins compatible for Editor in 42.69 ms, found 3 plugins.
Preloading 0 native plugins for Editor in 0.00 ms.
Initialize engine version: 2020.3.18f1 (a7d1c678663c)
[Subsystems] Discovering subsystems at path C:/Program Files/Unity/Hub/Editor/2020.3.18f1/Editor/Data/Resources/UnitySubsystems
[Subsystems] Discovering subsystems at path E:/KenQu_Unity/Unity_HC_TC_2D_2048_Horizontal_20210918/2048_Horizontal_20210918/Assets
GfxDevice: creating device client; threaded=0
Direct3D:
    Version:  Direct3D 11.0 [level 11.1]
    Renderer: NVIDIA Quadro P600 (ID=0x1cb2)
    Vendor:   
    VRAM:     1981 MB
    Driver:   27.21.14.5239
Initialize mono
Mono path[0] = 'C:/Program Files/Unity/Hub/Editor/2020.3.18f1/Editor/Data/Managed'
Mono path[1] = 'C:/Program Files/Unity/Hub/Editor/2020.3.18f1/Editor/Data/MonoBleedingEdge/lib/mono/unityjit'
Mono config path = 'C:/Program Files/Unity/Hub/Editor/2020.3.18f1/Editor/Data/MonoBleedingEdge/etc'
Using monoOptions --debugger-agent=transport=dt_socket,embedding=1,server=y,suspend=n,address=127.0.0.1:56528
Begin MonoManager ReloadAssembly
Registering precompiled unity dll's ...
Register platform support module: C:/Program Files/Unity/Hub/Editor/2020.3.18f1/Editor/Data/PlaybackEngines/WebGLSupport/UnityEditor.WebGL.Extensions.dll
Register platform support module: C:/Program Files/Unity/Hub/Editor/2020.3.18f1/Editor/Data/PlaybackEngines/WindowsStandaloneSupport/UnityEditor.WindowsStandalone.Extensions.dll
Registered in 0.001415 seconds.
Native extension for WindowsStandalone target not found
Native extension for WebGL target not found
Refreshing native plugins compatible for Editor in 48.63 ms, found 3 plugins.
Preloading 0 native plugins for Editor in 0.00 ms.
Mono: successfully reloaded assembly
- Completed reload, in  1.683 seconds
Domain Reload Profiling:
	ReloadAssembly (1683ms)
		BeginReloadAssembly (47ms)
			ExecutionOrderSort (0ms)
			DisableScriptedObjects (0ms)
			BackupInstance (0ms)
			ReleaseScriptingObjects (0ms)
			CreateAndSetChildDomain (1ms)
		EndReloadAssembly (404ms)
			LoadAssemblies (45ms)
			RebuildTransferFunctionScriptingTraits (0ms)
			SetupTypeCache (141ms)
			ReleaseScriptCaches (0ms)
			RebuildScriptCaches (32ms)
			SetupLoadedEditorAssemblies (167ms)
				LogAssemblyErrors (0ms)
				InitializePlatformSupportModulesInManaged (5ms)
				SetLoadedEditorAssemblies (0ms)
				RefreshPlugins (49ms)
				BeforeProcessingInitializeOnLoad (16ms)
				ProcessInitializeOnLoadAttributes (71ms)
				ProcessInitializeOnLoadMethodAttributes (26ms)
				AfterProcessingInitializeOnLoad (0ms)
				EditorAssembliesLoaded (0ms)
			ExecutionOrderSort2 (0ms)
			AwakeInstancesAfterBackupRestoration (0ms)
Platform modules already initialized, skipping
Registering precompiled user dll's ...
Registered in 0.001758 seconds.
Begin MonoManager ReloadAssembly
Native extension for WindowsStandalone target not found
Native extension for WebGL target not found
Refreshing native plugins compatible for Editor in 39.61 ms, found 3 plugins.
Preloading 0 native plugins for Editor in 0.00 ms.
Mono: successfully reloaded assembly
- Completed reload, in  1.082 seconds
Domain Reload Profiling:
	ReloadAssembly (1083ms)
		BeginReloadAssembly (129ms)
			ExecutionOrderSort (0ms)
			DisableScriptedObjects (4ms)
			BackupInstance (0ms)
			ReleaseScriptingObjects (0ms)
			CreateAndSetChildDomain (17ms)
		EndReloadAssembly (892ms)
			LoadAssemblies (82ms)
			RebuildTransferFunctionScriptingTraits (0ms)
			SetupTypeCache (316ms)
			ReleaseScriptCaches (0ms)
			RebuildScriptCaches (45ms)
			SetupLoadedEditorAssemblies (314ms)
				LogAssemblyErrors (0ms)
				InitializePlatformSupportModulesInManaged (4ms)
				SetLoadedEditorAssemblies (0ms)
				RefreshPlugins (40ms)
				BeforeProcessingInitializeOnLoad (68ms)
				ProcessInitializeOnLoadAttributes (187ms)
				ProcessInitializeOnLoadMethodAttributes (11ms)
				AfterProcessingInitializeOnLoad (4ms)
				EditorAssembliesLoaded (0ms)
			ExecutionOrderSort2 (0ms)
			AwakeInstancesAfterBackupRestoration (7ms)
Platform modules already initialized, skipping
========================================================================
Worker process is ready to serve import requests
Launched and connected shader compiler UnityShaderCompiler.exe after 0.03 seconds
Refreshing native plugins compatible for Editor in 0.73 ms, found 3 plugins.
Preloading 0 native plugins for Editor in 0.00 ms.
Unloading 2095 Unused Serialized files (Serialized files now loaded: 0)
System memory in use before: 94.4 MB.
System memory in use after: 94.5 MB.

Unloading 26 unused Assets to reduce memory usage. Loaded Objects now: 2539.
Total: 3.267600 ms (FindLiveObjects: 0.187800 ms CreateObjectMapping: 0.065000 ms MarkObjects: 2.910000 ms  DeleteObjects: 0.103300 ms)

AssetImportParameters requested are different than current active one (requested -> active):
  custom:framework-win-MediaFoundation: 216162199b28c13a410421893ffa2e32 -> 
  custom:video-decoder-ogg-theora: a1e56fd34408186e4bbccfd4996cb3dc -> 
  custom:container-muxer-webm: aa71ff27fc2769a1b78a27578f13a17b -> 
  custom:container-demuxer-webm: 4f35f7cbe854078d1ac9338744f61a02 -> 
  custom:container-demuxer-ogg: 62fdf1f143b41e24485cea50d1cbac27 -> 
  custom:video-encoder-webm-vp8: eb34c28f22e8b96e1ab97ce403110664 -> 
  custom:video-decoder-webm-vp8: 9c59270c3fd7afecdb556c50c9e8de78 -> 
  custom:audio-decoder-ogg-vorbis: bf7c407c2cedff20999df2af8eb42d56 -> 
  custom:audio-encoder-webm-vorbis: bf7c407c2cedff20999df2af8eb42d56 -> 
========================================================================
Received Import Request.
  path: Assets/Script/LearnMethod.cs
  artifactKey: Guid(6fbefc21e5f613746acdad3f4bd4b281) Importer(815301076,1909f56bfc062723c751e8b465ee728b)
Start importing Assets/Script/LearnMethod.cs using Guid(6fbefc21e5f613746acdad3f4bd4b281) Importer(815301076,1909f56bfc062723c751e8b465ee728b)  -> (artifact id: '7157bc107dd85a68e6e9125ad9f14d6b') in 0.032453 seconds 
  Import took 0.035543 seconds .

========================================================================
Received Import Request.
  Time since last request: 86.846029 seconds.
  path: Assets/Script/LearnMethod.cs
  artifactKey: Guid(6fbefc21e5f613746acdad3f4bd4b281) Importer(815301076,1909f56bfc062723c751e8b465ee728b)
Start importing Assets/Script/LearnMethod.cs using Guid(6fbefc21e5f613746acdad3f4bd4b281) Importer(815301076,1909f56bfc062723c751e8b465ee728b)  -> (artifact id: 'e5928b1684db0401ea11cb5d38249e3a') in 0.001182 seconds 
  Import took 0.004237 seconds .

========================================================================
Received Import Request.
  Time since last request: 0.072362 seconds.
  path: Assets/Script/LearnMethod.cs
  artifactKey: Guid(6fbefc21e5f613746acdad3f4bd4b281) Importer(815301076,1909f56bfc062723c751e8b465ee728b)
Start importing Assets/Script/LearnMethod.cs using Guid(6fbefc21e5f613746acdad3f4bd4b281) Importer(815301076,1909f56bfc062723c751e8b465ee728b)  -> (artifact id: 'e5928b1684db0401ea11cb5d38249e3a') in 0.001231 seconds 
  Import took 0.005163 seconds .

========================================================================
Received Prepare
Registering precompiled user dll's ...
Registered in 0.001959 seconds.
Begin MonoManager ReloadAssembly
Native extension for WindowsStandalone target not found
Native extension for WebGL target not found
Refreshing native plugins compatible for Editor in 0.42 ms, found 3 plugins.
Preloading 0 native plugins for Editor in 0.00 ms.
Mono: successfully reloaded assembly
- Completed reload, in  0.917 seconds
Domain Reload Profiling:
	ReloadAssembly (917ms)
		BeginReloadAssembly (99ms)
			ExecutionOrderSort (0ms)
			DisableScriptedObjects (6ms)
			BackupInstance (0ms)
			ReleaseScriptingObjects (0ms)
			CreateAndSetChildDomain (36ms)
		EndReloadAssembly (762ms)
			LoadAssemblies (75ms)
			RebuildTransferFunctionScriptingTraits (0ms)
			SetupTypeCache (262ms)
			ReleaseScriptCaches (1ms)
			RebuildScriptCaches (39ms)
			SetupLoadedEditorAssemblies (289ms)
				LogAssemblyErrors (0ms)
				InitializePlatformSupportModulesInManaged (5ms)
				SetLoadedEditorAssemblies (0ms)
				RefreshPlugins (0ms)
				BeforeProcessingInitializeOnLoad (82ms)
				ProcessInitializeOnLoadAttributes (193ms)
				ProcessInitializeOnLoadMethodAttributes (5ms)
				AfterProcessingInitializeOnLoad (4ms)
				EditorAssembliesLoaded (0ms)
			ExecutionOrderSort2 (0ms)
			AwakeInstancesAfterBackupRestoration (10ms)
Platform modules already initialized, skipping
Refreshing native plugins compatible for Editor in 0.44 ms, found 3 plugins.
Preloading 0 native plugins for Editor in 0.00 ms.
Unloading 2085 Unused Serialized files (Serialized files now loaded: 0)
System memory in use before: 93.9 MB.
System memory in use after: 94.0 MB.

Unloading 14 unused Assets to reduce memory usage. Loaded Objects now: 2542.
Total: 3.046700 ms (FindLiveObjects: 0.195200 ms CreateObjectMapping: 0.066500 ms MarkObjects: 2.765700 ms  DeleteObjects: 0.018300 ms)

AssetImportParameters requested are different than current active one (requested -> active):
  custom:framework-win-MediaFoundation: 216162199b28c13a410421893ffa2e32 -> 
  custom:video-decoder-ogg-theora: a1e56fd34408186e4bbccfd4996cb3dc -> 
  custom:container-muxer-webm: aa71ff27fc2769a1b78a27578f13a17b -> 
  custom:container-demuxer-webm: 4f35f7cbe854078d1ac9338744f61a02 -> 
  custom:container-demuxer-ogg: 62fdf1f143b41e24485cea50d1cbac27 -> 
  custom:video-encoder-webm-vp8: eb34c28f22e8b96e1ab97ce403110664 -> 
  custom:video-decoder-webm-vp8: 9c59270c3fd7afecdb556c50c9e8de78 -> 
  custom:audio-decoder-ogg-vorbis: bf7c407c2cedff20999df2af8eb42d56 -> 
  custom:audio-encoder-webm-vorbis: bf7c407c2cedff20999df2af8eb42d56 -> 
========================================================================
Received Import Request.
  Time since last request: 401.830174 seconds.
  path: Assets/Script/LearnMethod.cs
  artifactKey: Guid(6fbefc21e5f613746acdad3f4bd4b281) Importer(815301076,1909f56bfc062723c751e8b465ee728b)
Start importing Assets/Script/LearnMethod.cs using Guid(6fbefc21e5f613746acdad3f4bd4b281) Importer(815301076,1909f56bfc062723c751e8b465ee728b)  -> (artifact id: 'b5a29bd271950c6f21b66e4a2d0cf5f7') in 0.005229 seconds 
  Import took 0.008884 seconds .

========================================================================
Received Import Request.
  Time since last request: 0.069116 seconds.
  path: Assets/Script/LearnMethod.cs
  artifactKey: Guid(6fbefc21e5f613746acdad3f4bd4b281) Importer(815301076,1909f56bfc062723c751e8b465ee728b)
Start importing Assets/Script/LearnMethod.cs using Guid(6fbefc21e5f613746acdad3f4bd4b281) Importer(815301076,1909f56bfc062723c751e8b465ee728b)  -> (artifact id: 'b5a29bd271950c6f21b66e4a2d0cf5f7') in 0.001322 seconds 
  Import took 0.006292 seconds .

========================================================================
Received Prepare
Registering precompiled user dll's ...
Registered in 0.001613 seconds.
Begin MonoManager ReloadAssembly
Native extension for WindowsStandalone target not found
Native extension for WebGL target not found
Refreshing native plugins compatible for Editor in 0.47 ms, found 3 plugins.
Preloading 0 native plugins for Editor in 0.00 ms.
Mono: successfully reloaded assembly
- Completed reload, in  0.893 seconds
Domain Reload Profiling:
	ReloadAssembly (893ms)
		BeginReloadAssembly (104ms)
			ExecutionOrderSort (0ms)
			DisableScriptedObjects (6ms)
			BackupInstance (0ms)
			ReleaseScriptingObjects (0ms)
			CreateAndSetChildDomain (41ms)
		EndReloadAssembly (730ms)
			LoadAssemblies (77ms)
			RebuildTransferFunctionScriptingTraits (0ms)
			SetupTypeCache (257ms)
			ReleaseScriptCaches (1ms)
			RebuildScriptCaches (38ms)
			SetupLoadedEditorAssemblies (262ms)
				LogAssemblyErrors (0ms)
				InitializePlatformSupportModulesInManaged (5ms)
				SetLoadedEditorAssemblies (1ms)
				RefreshPlugins (1ms)
				BeforeProcessingInitializeOnLoad (68ms)
				ProcessInitializeOnLoadAttributes (178ms)
				ProcessInitializeOnLoadMethodAttributes (5ms)
				AfterProcessingInitializeOnLoad (4ms)
				EditorAssembliesLoaded (0ms)
			ExecutionOrderSort2 (0ms)
			AwakeInstancesAfterBackupRestoration (11ms)
Platform modules already initialized, skipping
Refreshing native plugins compatible for Editor in 0.54 ms, found 3 plugins.
Preloading 0 native plugins for Editor in 0.00 ms.
Unloading 2085 Unused Serialized files (Serialized files now loaded: 0)
System memory in use before: 93.9 MB.
System memory in use after: 94.0 MB.

Unloading 14 unused Assets to reduce memory usage. Loaded Objects now: 2545.
Total: 2.774600 ms (FindLiveObjects: 0.171100 ms CreateObjectMapping: 0.072100 ms MarkObjects: 2.487300 ms  DeleteObjects: 0.043300 ms)

AssetImportParameters requested are different than current active one (requested -> active):
  custom:framework-win-MediaFoundation: 216162199b28c13a410421893ffa2e32 -> 
  custom:video-decoder-ogg-theora: a1e56fd34408186e4bbccfd4996cb3dc -> 
  custom:container-muxer-webm: aa71ff27fc2769a1b78a27578f13a17b -> 
  custom:container-demuxer-webm: 4f35f7cbe854078d1ac9338744f61a02 -> 
  custom:container-demuxer-ogg: 62fdf1f143b41e24485cea50d1cbac27 -> 
  custom:video-encoder-webm-vp8: eb34c28f22e8b96e1ab97ce403110664 -> 
  custom:video-decoder-webm-vp8: 9c59270c3fd7afecdb556c50c9e8de78 -> 
  custom:audio-decoder-ogg-vorbis: bf7c407c2cedff20999df2af8eb42d56 -> 
  custom:audio-encoder-webm-vorbis: bf7c407c2cedff20999df2af8eb42d56 -> 
========================================================================
Received Import Request.
  Time since last request: 543.463544 seconds.
  path: Assets/Script/LearnMethod.cs
  artifactKey: Guid(6fbefc21e5f613746acdad3f4bd4b281) Importer(815301076,1909f56bfc062723c751e8b465ee728b)
Start importing Assets/Script/LearnMethod.cs using Guid(6fbefc21e5f613746acdad3f4bd4b281) Importer(815301076,1909f56bfc062723c751e8b465ee728b)  -> (artifact id: '864171667832c0c1da8fc05b7f0c1541') in 0.006581 seconds 
  Import took 0.010484 seconds .

========================================================================
Received Prepare
Registering precompiled user dll's ...
Registered in 0.001973 seconds.
Begin MonoManager ReloadAssembly
Native extension for WindowsStandalone target not found
Native extension for WebGL target not found
Refreshing native plugins compatible for Editor in 0.42 ms, found 3 plugins.
Preloading 0 native plugins for Editor in 0.00 ms.
Mono: successfully reloaded assembly
- Completed reload, in  0.852 seconds
Domain Reload Profiling:
	ReloadAssembly (852ms)
		BeginReloadAssembly (91ms)
			ExecutionOrderSort (0ms)
			DisableScriptedObjects (6ms)
			BackupInstance (0ms)
			ReleaseScriptingObjects (0ms)
			CreateAndSetChildDomain (31ms)
		EndReloadAssembly (708ms)
			LoadAssemblies (72ms)
			RebuildTransferFunctionScriptingTraits (0ms)
			SetupTypeCache (252ms)
			ReleaseScriptCaches (1ms)
			RebuildScriptCaches (37ms)
			SetupLoadedEditorAssemblies (256ms)
				LogAssemblyErrors (0ms)
				InitializePlatformSupportModulesInManaged (6ms)
				SetLoadedEditorAssemblies (0ms)
				RefreshPlugins (0ms)
				BeforeProcessingInitializeOnLoad (66ms)
				ProcessInitializeOnLoadAttributes (175ms)
				ProcessInitializeOnLoadMethodAttributes (5ms)
				AfterProcessingInitializeOnLoad (4ms)
				EditorAssembliesLoaded (0ms)
			ExecutionOrderSort2 (0ms)
			AwakeInstancesAfterBackupRestoration (9ms)
Platform modules already initialized, skipping
Refreshing native plugins compatible for Editor in 0.45 ms, found 3 plugins.
Preloading 0 native plugins for Editor in 0.00 ms.
Unloading 2085 Unused Serialized files (Serialized files now loaded: 0)
System memory in use before: 93.9 MB.
System memory in use after: 94.1 MB.

Unloading 14 unused Assets to reduce memory usage. Loaded Objects now: 2548.
Total: 3.154500 ms (FindLiveObjects: 0.186100 ms CreateObjectMapping: 0.057800 ms MarkObjects: 2.865000 ms  DeleteObjects: 0.044700 ms)

AssetImportParameters requested are different than current active one (requested -> active):
  custom:framework-win-MediaFoundation: 216162199b28c13a410421893ffa2e32 -> 
  custom:video-decoder-ogg-theora: a1e56fd34408186e4bbccfd4996cb3dc -> 
  custom:container-muxer-webm: aa71ff27fc2769a1b78a27578f13a17b -> 
  custom:container-demuxer-webm: 4f35f7cbe854078d1ac9338744f61a02 -> 
  custom:container-demuxer-ogg: 62fdf1f143b41e24485cea50d1cbac27 -> 
  custom:video-encoder-webm-vp8: eb34c28f22e8b96e1ab97ce403110664 -> 
  custom:video-decoder-webm-vp8: 9c59270c3fd7afecdb556c50c9e8de78 -> 
  custom:audio-decoder-ogg-vorbis: bf7c407c2cedff20999df2af8eb42d56 -> 
  custom:audio-encoder-webm-vorbis: bf7c407c2cedff20999df2af8eb42d56 -> 
========================================================================
Received Import Request.
  Time since last request: 17.040288 seconds.
  path: Assets/Script/LearnMethod.cs
  artifactKey: Guid(6fbefc21e5f613746acdad3f4bd4b281) Importer(815301076,1909f56bfc062723c751e8b465ee728b)
Start importing Assets/Script/LearnMethod.cs using Guid(6fbefc21e5f613746acdad3f4bd4b281) Importer(815301076,1909f56bfc062723c751e8b465ee728b)  -> (artifact id: '3e1b0b222fbb081f4167aa75db76790a') in 0.004596 seconds 
  Import took 0.008349 seconds .

========================================================================
Received Import Request.
  Time since last request: 0.063636 seconds.
  path: Assets/Script/LearnMethod.cs
  artifactKey: Guid(6fbefc21e5f613746acdad3f4bd4b281) Importer(815301076,1909f56bfc062723c751e8b465ee728b)
Start importing Assets/Script/LearnMethod.cs using Guid(6fbefc21e5f613746acdad3f4bd4b281) Importer(815301076,1909f56bfc062723c751e8b465ee728b)  -> (artifact id: '3e1b0b222fbb081f4167aa75db76790a') in 0.001082 seconds 
  Import took 0.004571 seconds .

========================================================================
Received Prepare
Registering precompiled user dll's ...
Registered in 0.001866 seconds.
Begin MonoManager ReloadAssembly
Native extension for WindowsStandalone target not found
Native extension for WebGL target not found
Refreshing native plugins compatible for Editor in 0.45 ms, found 3 plugins.
Preloading 0 native plugins for Editor in 0.00 ms.
Mono: successfully reloaded assembly
- Completed reload, in  0.893 seconds
Domain Reload Profiling:
	ReloadAssembly (893ms)
		BeginReloadAssembly (91ms)
			ExecutionOrderSort (0ms)
			DisableScriptedObjects (6ms)
			BackupInstance (0ms)
			ReleaseScriptingObjects (0ms)
			CreateAndSetChildDomain (29ms)
		EndReloadAssembly (747ms)
			LoadAssemblies (75ms)
			RebuildTransferFunctionScriptingTraits (0ms)
			SetupTypeCache (257ms)
			ReleaseScriptCaches (1ms)
			RebuildScriptCaches (38ms)
			SetupLoadedEditorAssemblies (282ms)
				LogAssemblyErrors (0ms)
				InitializePlatformSupportModulesInManaged (5ms)
				SetLoadedEditorAssemblies (0ms)
				RefreshPlugins (0ms)
				BeforeProcessingInitializeOnLoad (70ms)
				ProcessInitializeOnLoadAttributes (196ms)
				ProcessInitializeOnLoadMethodAttributes (5ms)
				AfterProcessingInitializeOnLoad (4ms)
				EditorAssembliesLoaded (0ms)
			ExecutionOrderSort2 (0ms)
			AwakeInstancesAfterBackupRestoration (10ms)
Platform modules already initialized, skipping
Refreshing native plugins compatible for Editor in 1.00 ms, found 3 plugins.
Preloading 0 native plugins for Editor in 0.00 ms.
Unloading 2085 Unused Serialized files (Serialized files now loaded: 0)
System memory in use before: 93.9 MB.
System memory in use after: 94.1 MB.

Unloading 14 unused Assets to reduce memory usage. Loaded Objects now: 2551.
Total: 7.672400 ms (FindLiveObjects: 0.393100 ms CreateObjectMapping: 0.126100 ms MarkObjects: 7.119200 ms  DeleteObjects: 0.031300 ms)

AssetImportParameters requested are different than current active one (requested -> active):
  custom:framework-win-MediaFoundation: 216162199b28c13a410421893ffa2e32 -> 
  custom:video-decoder-ogg-theora: a1e56fd34408186e4bbccfd4996cb3dc -> 
  custom:container-muxer-webm: aa71ff27fc2769a1b78a27578f13a17b -> 
  custom:container-demuxer-webm: 4f35f7cbe854078d1ac9338744f61a02 -> 
  custom:container-demuxer-ogg: 62fdf1f143b41e24485cea50d1cbac27 -> 
  custom:video-encoder-webm-vp8: eb34c28f22e8b96e1ab97ce403110664 -> 
  custom:video-decoder-webm-vp8: 9c59270c3fd7afecdb556c50c9e8de78 -> 
  custom:audio-decoder-ogg-vorbis: bf7c407c2cedff20999df2af8eb42d56 -> 
  custom:audio-encoder-webm-vorbis: bf7c407c2cedff20999df2af8eb42d56 -> 
========================================================================
Received Import Request.
  Time since last request: 737.072690 seconds.
  path: Assets/Script/LearnMethod.cs
  artifactKey: Guid(6fbefc21e5f613746acdad3f4bd4b281) Importer(815301076,1909f56bfc062723c751e8b465ee728b)
Start importing Assets/Script/LearnMethod.cs using Guid(6fbefc21e5f613746acdad3f4bd4b281) Importer(815301076,1909f56bfc062723c751e8b465ee728b)  -> (artifact id: 'd4195f2b36816a081c074570366548bf') in 0.006255 seconds 
  Import took 0.273433 seconds .

========================================================================
Received Prepare
Registering precompiled user dll's ...
Registered in 0.002243 seconds.
Begin MonoManager ReloadAssembly
Native extension for WindowsStandalone target not found
Native extension for WebGL target not found
Refreshing native plugins compatible for Editor in 0.44 ms, found 3 plugins.
Preloading 0 native plugins for Editor in 0.00 ms.
Mono: successfully reloaded assembly
- Completed reload, in  0.893 seconds
Domain Reload Profiling:
	ReloadAssembly (893ms)
		BeginReloadAssembly (95ms)
			ExecutionOrderSort (0ms)
			DisableScriptedObjects (7ms)
			BackupInstance (0ms)
			ReleaseScriptingObjects (0ms)
			CreateAndSetChildDomain (31ms)
		EndReloadAssembly (745ms)
			LoadAssemblies (80ms)
			RebuildTransferFunctionScriptingTraits (0ms)
			SetupTypeCache (271ms)
			ReleaseScriptCaches (1ms)
			RebuildScriptCaches (38ms)
			SetupLoadedEditorAssemblies (263ms)
				LogAssemblyErrors (0ms)
				InitializePlatformSupportModulesInManaged (6ms)
				SetLoadedEditorAssemblies (0ms)
				RefreshPlugins (0ms)
				BeforeProcessingInitializeOnLoad (70ms)
				ProcessInitializeOnLoadAttributes (178ms)
				ProcessInitializeOnLoadMethodAttributes (4ms)
				AfterProcessingInitializeOnLoad (4ms)
				EditorAssembliesLoaded (0ms)
			ExecutionOrderSort2 (0ms)
			AwakeInstancesAfterBackupRestoration (9ms)
Platform modules already initialized, skipping
Refreshing native plugins compatible for Editor in 0.48 ms, found 3 plugins.
Preloading 0 native plugins for Editor in 0.00 ms.
Unloading 2085 Unused Serialized files (Serialized files now loaded: 0)
System memory in use before: 94.0 MB.
System memory in use after: 94.1 MB.

Unloading 14 unused Assets to reduce memory usage. Loaded Objects now: 2554.
Total: 2.933500 ms (FindLiveObjects: 0.163700 ms CreateObjectMapping: 0.064300 ms MarkObjects: 2.688000 ms  DeleteObjects: 0.016200 ms)

AssetImportParameters requested are different than current active one (requested -> active):
  custom:framework-win-MediaFoundation: 216162199b28c13a410421893ffa2e32 -> 
  custom:video-decoder-ogg-theora: a1e56fd34408186e4bbccfd4996cb3dc -> 
  custom:container-muxer-webm: aa71ff27fc2769a1b78a27578f13a17b -> 
  custom:container-demuxer-webm: 4f35f7cbe854078d1ac9338744f61a02 -> 
  custom:container-demuxer-ogg: 62fdf1f143b41e24485cea50d1cbac27 -> 
  custom:video-encoder-webm-vp8: eb34c28f22e8b96e1ab97ce403110664 -> 
  custom:video-decoder-webm-vp8: 9c59270c3fd7afecdb556c50c9e8de78 -> 
  custom:audio-decoder-ogg-vorbis: bf7c407c2cedff20999df2af8eb42d56 -> 
  custom:audio-encoder-webm-vorbis: bf7c407c2cedff20999df2af8eb42d56 -> 
========================================================================
Received Import Request.
  Time since last request: 47.428247 seconds.
  path: Assets/Script/LearnMethod.cs
  artifactKey: Guid(6fbefc21e5f613746acdad3f4bd4b281) Importer(815301076,1909f56bfc062723c751e8b465ee728b)
Start importing Assets/Script/LearnMethod.cs using Guid(6fbefc21e5f613746acdad3f4bd4b281) Importer(815301076,1909f56bfc062723c751e8b465ee728b)  -> (artifact id: '2c80a48d49d1bfcf2b2fd6e089408263') in 0.003879 seconds 
  Import took 0.007387 seconds .

========================================================================
Received Prepare
Registering precompiled user dll's ...
Registered in 0.001735 seconds.
Begin MonoManager ReloadAssembly
Native extension for WindowsStandalone target not found
Native extension for WebGL target not found
Refreshing native plugins compatible for Editor in 0.42 ms, found 3 plugins.
Preloading 0 native plugins for Editor in 0.00 ms.
Mono: successfully reloaded assembly
- Completed reload, in  0.859 seconds
Domain Reload Profiling:
	ReloadAssembly (860ms)
		BeginReloadAssembly (92ms)
			ExecutionOrderSort (0ms)
			DisableScriptedObjects (6ms)
			BackupInstance (0ms)
			ReleaseScriptingObjects (0ms)
			CreateAndSetChildDomain (31ms)
		EndReloadAssembly (713ms)
			LoadAssemblies (73ms)
			RebuildTransferFunctionScriptingTraits (0ms)
			SetupTypeCache (252ms)
			ReleaseScriptCaches (1ms)
			RebuildScriptCaches (37ms)
			SetupLoadedEditorAssemblies (259ms)
				LogAssemblyErrors (0ms)
				InitializePlatformSupportModulesInManaged (5ms)
				SetLoadedEditorAssemblies (0ms)
				RefreshPlugins (0ms)
				BeforeProcessingInitializeOnLoad (75ms)
				ProcessInitializeOnLoadAttributes (170ms)
				ProcessInitializeOnLoadMethodAttributes (5ms)
				AfterProcessingInitializeOnLoad (4ms)
				EditorAssembliesLoaded (0ms)
			ExecutionOrderSort2 (0ms)
			AwakeInstancesAfterBackupRestoration (10ms)
Platform modules already initialized, skipping
Refreshing native plugins compatible for Editor in 0.44 ms, found 3 plugins.
Preloading 0 native plugins for Editor in 0.00 ms.
Unloading 2085 Unused Serialized files (Serialized files now loaded: 0)
System memory in use before: 94.0 MB.
System memory in use after: 94.1 MB.

Unloading 14 unused Assets to reduce memory usage. Loaded Objects now: 2557.
Total: 3.203000 ms (FindLiveObjects: 0.187700 ms CreateObjectMapping: 0.062900 ms MarkObjects: 2.933900 ms  DeleteObjects: 0.017500 ms)

AssetImportParameters requested are different than current active one (requested -> active):
  custom:framework-win-MediaFoundation: 216162199b28c13a410421893ffa2e32 -> 
  custom:video-decoder-ogg-theora: a1e56fd34408186e4bbccfd4996cb3dc -> 
  custom:container-muxer-webm: aa71ff27fc2769a1b78a27578f13a17b -> 
  custom:container-demuxer-webm: 4f35f7cbe854078d1ac9338744f61a02 -> 
  custom:container-demuxer-ogg: 62fdf1f143b41e24485cea50d1cbac27 -> 
  custom:video-encoder-webm-vp8: eb34c28f22e8b96e1ab97ce403110664 -> 
  custom:video-decoder-webm-vp8: 9c59270c3fd7afecdb556c50c9e8de78 -> 
  custom:audio-decoder-ogg-vorbis: bf7c407c2cedff20999df2af8eb42d56 -> 
  custom:audio-encoder-webm-vorbis: bf7c407c2cedff20999df2af8eb42d56 -> 
========================================================================
Received Import Request.
  Time since last request: 882.749018 seconds.
  path: Assets/Script/LearnMethod.cs
  artifactKey: Guid(6fbefc21e5f613746acdad3f4bd4b281) Importer(815301076,1909f56bfc062723c751e8b465ee728b)
Start importing Assets/Script/LearnMethod.cs using Guid(6fbefc21e5f613746acdad3f4bd4b281) Importer(815301076,1909f56bfc062723c751e8b465ee728b)  -> (artifact id: 'f8b0439d9091aff3c9f01ce818b0f827') in 0.005395 seconds 
  Import took 0.009307 seconds .

========================================================================
Received Import Request.
  Time since last request: 0.071017 seconds.
  path: Assets/Script/LearnMethod.cs
  artifactKey: Guid(6fbefc21e5f613746acdad3f4bd4b281) Importer(815301076,1909f56bfc062723c751e8b465ee728b)
Start importing Assets/Script/LearnMethod.cs using Guid(6fbefc21e5f613746acdad3f4bd4b281) Importer(815301076,1909f56bfc062723c751e8b465ee728b)  -> (artifact id: 'f8b0439d9091aff3c9f01ce818b0f827') in 0.001671 seconds 
  Import took 0.005704 seconds .

========================================================================
Received Prepare
Registering precompiled user dll's ...
Registered in 0.001702 seconds.
Begin MonoManager ReloadAssembly
Native extension for WindowsStandalone target not found
Native extension for WebGL target not found
Refreshing native plugins compatible for Editor in 0.44 ms, found 3 plugins.
Preloading 0 native plugins for Editor in 0.00 ms.
Mono: successfully reloaded assembly
- Completed reload, in  0.892 seconds
Domain Reload Profiling:
	ReloadAssembly (893ms)
		BeginReloadAssembly (105ms)
			ExecutionOrderSort (0ms)
			DisableScriptedObjects (6ms)
			BackupInstance (0ms)
			ReleaseScriptingObjects (0ms)
			CreateAndSetChildDomain (40ms)
		EndReloadAssembly (732ms)
			LoadAssemblies (77ms)
			RebuildTransferFunctionScriptingTraits (0ms)
			SetupTypeCache (256ms)
			ReleaseScriptCaches (1ms)
			RebuildScriptCaches (37ms)
			SetupLoadedEditorAssemblies (274ms)
				LogAssemblyErrors (0ms)
				InitializePlatformSupportModulesInManaged (6ms)
				SetLoadedEditorAssemblies (0ms)
				RefreshPlugins (0ms)
				BeforeProcessingInitializeOnLoad (67ms)
				ProcessInitializeOnLoadAttributes (191ms)
				ProcessInitializeOnLoadMethodAttributes (4ms)
				AfterProcessingInitializeOnLoad (4ms)
				EditorAssembliesLoaded (0ms)
			ExecutionOrderSort2 (0ms)
			AwakeInstancesAfterBackupRestoration (9ms)
Platform modules already initialized, skipping
Refreshing native plugins compatible for Editor in 0.44 ms, found 3 plugins.
Preloading 0 native plugins for Editor in 0.00 ms.
Unloading 2085 Unused Serialized files (Serialized files now loaded: 0)
System memory in use before: 94.0 MB.
System memory in use after: 94.1 MB.

Unloading 14 unused Assets to reduce memory usage. Loaded Objects now: 2560.
Total: 2.980300 ms (FindLiveObjects: 0.187500 ms CreateObjectMapping: 0.065100 ms MarkObjects: 2.710000 ms  DeleteObjects: 0.017000 ms)

AssetImportParameters requested are different than current active one (requested -> active):
  custom:framework-win-MediaFoundation: 216162199b28c13a410421893ffa2e32 -> 
  custom:video-decoder-ogg-theora: a1e56fd34408186e4bbccfd4996cb3dc -> 
  custom:container-muxer-webm: aa71ff27fc2769a1b78a27578f13a17b -> 
  custom:container-demuxer-webm: 4f35f7cbe854078d1ac9338744f61a02 -> 
  custom:container-demuxer-ogg: 62fdf1f143b41e24485cea50d1cbac27 -> 
  custom:video-encoder-webm-vp8: eb34c28f22e8b96e1ab97ce403110664 -> 
  custom:video-decoder-webm-vp8: 9c59270c3fd7afecdb556c50c9e8de78 -> 
  custom:audio-decoder-ogg-vorbis: bf7c407c2cedff20999df2af8eb42d56 -> 
  custom:audio-encoder-webm-vorbis: bf7c407c2cedff20999df2af8eb42d56 -> 
========================================================================
Received Import Request.
  Time since last request: 988.653743 seconds.
  path: Assets/Script/CharacterAI.cs
  artifactKey: Guid(f2d9981a1a95f914b9a971915b0d16d5) Importer(815301076,1909f56bfc062723c751e8b465ee728b)
Start importing Assets/Script/CharacterAI.cs using Guid(f2d9981a1a95f914b9a971915b0d16d5) Importer(815301076,1909f56bfc062723c751e8b465ee728b)  -> (artifact id: '705aac0d886ab094e0f5c8328df03fa4') in 0.006532 seconds 
  Import took 0.010675 seconds .

========================================================================
Received Import Request.
  Time since last request: 0.005506 seconds.
  path: Assets/Script/CharacterAI.cs
  artifactKey: Guid(f2d9981a1a95f914b9a971915b0d16d5) Importer(815301076,1909f56bfc062723c751e8b465ee728b)
Start importing Assets/Script/CharacterAI.cs using Guid(f2d9981a1a95f914b9a971915b0d16d5) Importer(815301076,1909f56bfc062723c751e8b465ee728b)  -> (artifact id: '705aac0d886ab094e0f5c8328df03fa4') in 0.001087 seconds 
  Import took 0.003863 seconds .

========================================================================
Received Import Request.
  Time since last request: 0.252080 seconds.
  path: Assets/Script/LearnProperty.cs
  artifactKey: Guid(1f86006f0675f5447ae9a777598260c2) Importer(815301076,1909f56bfc062723c751e8b465ee728b)
Start importing Assets/Script/LearnProperty.cs using Guid(1f86006f0675f5447ae9a777598260c2) Importer(815301076,1909f56bfc062723c751e8b465ee728b)  -> (artifact id: '0b3111c34e2da55fa892582b8189828d') in 0.001269 seconds 
  Import took 0.004435 seconds .

========================================================================
Received Import Request.
  Time since last request: 0.001569 seconds.
  path: Assets/Script/LearnProperty.cs
  artifactKey: Guid(1f86006f0675f5447ae9a777598260c2) Importer(815301076,1909f56bfc062723c751e8b465ee728b)
Start importing Assets/Script/LearnProperty.cs using Guid(1f86006f0675f5447ae9a777598260c2) Importer(815301076,1909f56bfc062723c751e8b465ee728b)  -> (artifact id: '0b3111c34e2da55fa892582b8189828d') in 0.001245 seconds 
  Import took 0.004953 seconds .

========================================================================
Received Import Request.
  Time since last request: 6.367013 seconds.
  path: Assets/Script/LearnCal.cs
  artifactKey: Guid(7943685d48d85434fa6070c5fe2ac485) Importer(815301076,1909f56bfc062723c751e8b465ee728b)
Start importing Assets/Script/LearnCal.cs using Guid(7943685d48d85434fa6070c5fe2ac485) Importer(815301076,1909f56bfc062723c751e8b465ee728b)  -> (artifact id: '2253b8a4af99cc96e1ce2fe2940c074e') in 0.001333 seconds 
  Import took 0.004859 seconds .

========================================================================
Received Prepare
Registering precompiled user dll's ...
Registered in 0.001697 seconds.
Begin MonoManager ReloadAssembly
Native extension for WindowsStandalone target not found
Native extension for WebGL target not found
Refreshing native plugins compatible for Editor in 0.44 ms, found 3 plugins.
Preloading 0 native plugins for Editor in 0.00 ms.
Mono: successfully reloaded assembly
- Completed reload, in  0.981 seconds
Domain Reload Profiling:
	ReloadAssembly (981ms)
		BeginReloadAssembly (112ms)
			ExecutionOrderSort (0ms)
			DisableScriptedObjects (8ms)
			BackupInstance (0ms)
			ReleaseScriptingObjects (0ms)
			CreateAndSetChildDomain (30ms)
		EndReloadAssembly (809ms)
			LoadAssemblies (96ms)
			RebuildTransferFunctionScriptingTraits (0ms)
			SetupTypeCache (295ms)
			ReleaseScriptCaches (1ms)
			RebuildScriptCaches (42ms)
			SetupLoadedEditorAssemblies (275ms)
				LogAssemblyErrors (0ms)
				InitializePlatformSupportModulesInManaged (5ms)
				SetLoadedEditorAssemblies (0ms)
				RefreshPlugins (0ms)
				BeforeProcessingInitializeOnLoad (74ms)
				ProcessInitializeOnLoadAttributes (186ms)
				ProcessInitializeOnLoadMethodAttributes (5ms)
				AfterProcessingInitializeOnLoad (4ms)
				EditorAssembliesLoaded (0ms)
			ExecutionOrderSort2 (0ms)
			AwakeInstancesAfterBackupRestoration (10ms)
Platform modules already initialized, skipping
Refreshing native plugins compatible for Editor in 0.44 ms, found 3 plugins.
Preloading 0 native plugins for Editor in 0.00 ms.
Unloading 2086 Unused Serialized files (Serialized files now loaded: 0)
System memory in use before: 94.0 MB.
System memory in use after: 94.1 MB.

Unloading 14 unused Assets to reduce memory usage. Loaded Objects now: 2564.
Total: 3.450600 ms (FindLiveObjects: 0.370200 ms CreateObjectMapping: 0.065600 ms MarkObjects: 2.973900 ms  DeleteObjects: 0.040200 ms)

AssetImportParameters requested are different than current active one (requested -> active):
  custom:framework-win-MediaFoundation: 216162199b28c13a410421893ffa2e32 -> 
  custom:video-decoder-ogg-theora: a1e56fd34408186e4bbccfd4996cb3dc -> 
  custom:container-muxer-webm: aa71ff27fc2769a1b78a27578f13a17b -> 
  custom:container-demuxer-webm: 4f35f7cbe854078d1ac9338744f61a02 -> 
  custom:container-demuxer-ogg: 62fdf1f143b41e24485cea50d1cbac27 -> 
  custom:video-encoder-webm-vp8: eb34c28f22e8b96e1ab97ce403110664 -> 
  custom:video-decoder-webm-vp8: 9c59270c3fd7afecdb556c50c9e8de78 -> 
  custom:audio-decoder-ogg-vorbis: bf7c407c2cedff20999df2af8eb42d56 -> 
  custom:audio-encoder-webm-vorbis: bf7c407c2cedff20999df2af8eb42d56 -> 
========================================================================
Received Import Request.
  Time since last request: 89.334495 seconds.
  path: Assets/Script/LearnCal.cs
  artifactKey: Guid(7943685d48d85434fa6070c5fe2ac485) Importer(815301076,1909f56bfc062723c751e8b465ee728b)
Start importing Assets/Script/LearnCal.cs using Guid(7943685d48d85434fa6070c5fe2ac485) Importer(815301076,1909f56bfc062723c751e8b465ee728b)  -> (artifact id: 'e2710ab4291e13e3d7a91f8695f95e25') in 0.004608 seconds 
  Import took 0.008222 seconds .

========================================================================
Received Import Request.
  Time since last request: 29.032378 seconds.
  path: Assets/Script/LearnCal.cs
  artifactKey: Guid(7943685d48d85434fa6070c5fe2ac485) Importer(815301076,1909f56bfc062723c751e8b465ee728b)
Start importing Assets/Script/LearnCal.cs using Guid(7943685d48d85434fa6070c5fe2ac485) Importer(815301076,1909f56bfc062723c751e8b465ee728b)  -> (artifact id: 'ae0a7073de494cbf995e1b483e204a81') in 0.001323 seconds 
  Import took 0.004729 seconds .

========================================================================
Received Import Request.
  Time since last request: 688.851229 seconds.
  path: Assets/Script/LearnCal.cs
  artifactKey: Guid(7943685d48d85434fa6070c5fe2ac485) Importer(815301076,1909f56bfc062723c751e8b465ee728b)
Start importing Assets/Script/LearnCal.cs using Guid(7943685d48d85434fa6070c5fe2ac485) Importer(815301076,1909f56bfc062723c751e8b465ee728b)  -> (artifact id: 'f36103a0c8e9e1475770ef18f3e87dfc') in 0.001677 seconds 
  Import took 0.005153 seconds .

========================================================================
Received Import Request.
  Time since last request: 99.113462 seconds.
  path: Assets/Script/LearnCal.cs
  artifactKey: Guid(7943685d48d85434fa6070c5fe2ac485) Importer(815301076,1909f56bfc062723c751e8b465ee728b)
Start importing Assets/Script/LearnCal.cs using Guid(7943685d48d85434fa6070c5fe2ac485) Importer(815301076,1909f56bfc062723c751e8b465ee728b)  -> (artifact id: '0d76da7e0601ef2bb3daced068a7ddce') in 0.001466 seconds 
  Import took 0.004584 seconds .

========================================================================
Received Import Request.
  Time since last request: 1915.485905 seconds.
  path: Assets/Script/LearnCal.cs
  artifactKey: Guid(7943685d48d85434fa6070c5fe2ac485) Importer(815301076,1909f56bfc062723c751e8b465ee728b)
Start importing Assets/Script/LearnCal.cs using Guid(7943685d48d85434fa6070c5fe2ac485) Importer(815301076,1909f56bfc062723c751e8b465ee728b)  -> (artifact id: '104726027c32fed5a4aa00c17a48a7fc') in 0.001483 seconds 
  Import took 0.269505 seconds .

========================================================================
Received Import Request.
  Time since last request: 39.841039 seconds.
  path: Assets/Script/LearnCal.cs
  artifactKey: Guid(7943685d48d85434fa6070c5fe2ac485) Importer(815301076,1909f56bfc062723c751e8b465ee728b)
Start importing Assets/Script/LearnCal.cs using Guid(7943685d48d85434fa6070c5fe2ac485) Importer(815301076,1909f56bfc062723c751e8b465ee728b)  -> (artifact id: 'b304f31af5978dd381e7fb66f55cd642') in 0.001518 seconds 
  Import took 0.005046 seconds .

========================================================================
Received Import Request.
  Time since last request: 0.001001 seconds.
  path: Assets/Script/LearnCal.cs
  artifactKey: Guid(7943685d48d85434fa6070c5fe2ac485) Importer(815301076,1909f56bfc062723c751e8b465ee728b)
Start importing Assets/Script/LearnCal.cs using Guid(7943685d48d85434fa6070c5fe2ac485) Importer(815301076,1909f56bfc062723c751e8b465ee728b)  -> (artifact id: 'b304f31af5978dd381e7fb66f55cd642') in 0.001353 seconds 
  Import took 0.005445 seconds .

========================================================================
Received Import Request.
  Time since last request: 867.467689 seconds.
  path: Assets/Script/LearnCal.cs
  artifactKey: Guid(7943685d48d85434fa6070c5fe2ac485) Importer(815301076,1909f56bfc062723c751e8b465ee728b)
Start importing Assets/Script/LearnCal.cs using Guid(7943685d48d85434fa6070c5fe2ac485) Importer(815301076,1909f56bfc062723c751e8b465ee728b)  -> (artifact id: '4184603d579e256628ead6c2072e5e8c') in 0.001445 seconds 
  Import took 0.004901 seconds .

========================================================================
Received Import Request.
  Time since last request: 0.000534 seconds.
  path: Assets/Script/LearnCal.cs
  artifactKey: Guid(7943685d48d85434fa6070c5fe2ac485) Importer(815301076,1909f56bfc062723c751e8b465ee728b)
Start importing Assets/Script/LearnCal.cs using Guid(7943685d48d85434fa6070c5fe2ac485) Importer(815301076,1909f56bfc062723c751e8b465ee728b)  -> (artifact id: '4184603d579e256628ead6c2072e5e8c') in 0.001296 seconds 
  Import took 0.005321 seconds .

========================================================================
Received Import Request.
  Time since last request: 1225.919691 seconds.
  path: Assets/Script/LearnIf.cs
  artifactKey: Guid(d7d3c5608a1d9dc47a173181672dc5a5) Importer(815301076,1909f56bfc062723c751e8b465ee728b)
Start importing Assets/Script/LearnIf.cs using Guid(d7d3c5608a1d9dc47a173181672dc5a5) Importer(815301076,1909f56bfc062723c751e8b465ee728b)  -> (artifact id: 'ad27f568544cefcfc6554b566211b5fb') in 0.002650 seconds 
  Import took 0.006737 seconds .

========================================================================
Received Prepare
Registering precompiled user dll's ...
Registered in 0.001803 seconds.
Begin MonoManager ReloadAssembly
Native extension for WindowsStandalone target not found
Native extension for WebGL target not found
Refreshing native plugins compatible for Editor in 0.44 ms, found 3 plugins.
Preloading 0 native plugins for Editor in 0.00 ms.
Mono: successfully reloaded assembly
- Completed reload, in  0.919 seconds
Domain Reload Profiling:
	ReloadAssembly (920ms)
		BeginReloadAssembly (90ms)
			ExecutionOrderSort (0ms)
			DisableScriptedObjects (6ms)
			BackupInstance (0ms)
			ReleaseScriptingObjects (0ms)
			CreateAndSetChildDomain (29ms)
		EndReloadAssembly (777ms)
			LoadAssemblies (72ms)
			RebuildTransferFunctionScriptingTraits (0ms)
			SetupTypeCache (295ms)
			ReleaseScriptCaches (1ms)
			RebuildScriptCaches (42ms)
			SetupLoadedEditorAssemblies (266ms)
				LogAssemblyErrors (0ms)
				InitializePlatformSupportModulesInManaged (5ms)
				SetLoadedEditorAssemblies (0ms)
				RefreshPlugins (0ms)
				BeforeProcessingInitializeOnLoad (72ms)
				ProcessInitializeOnLoadAttributes (180ms)
				ProcessInitializeOnLoadMethodAttributes (5ms)
				AfterProcessingInitializeOnLoad (4ms)
				EditorAssembliesLoaded (0ms)
			ExecutionOrderSort2 (0ms)
			AwakeInstancesAfterBackupRestoration (10ms)
Platform modules already initialized, skipping
Refreshing native plugins compatible for Editor in 0.46 ms, found 3 plugins.
Preloading 0 native plugins for Editor in 0.00 ms.
Unloading 2087 Unused Serialized files (Serialized files now loaded: 0)
System memory in use before: 94.1 MB.
System memory in use after: 94.2 MB.

Unloading 14 unused Assets to reduce memory usage. Loaded Objects now: 2568.
Total: 3.129900 ms (FindLiveObjects: 0.213000 ms CreateObjectMapping: 0.095000 ms MarkObjects: 2.778100 ms  DeleteObjects: 0.042800 ms)

AssetImportParameters requested are different than current active one (requested -> active):
  custom:framework-win-MediaFoundation: 216162199b28c13a410421893ffa2e32 -> 
  custom:video-decoder-ogg-theora: a1e56fd34408186e4bbccfd4996cb3dc -> 
  custom:container-muxer-webm: aa71ff27fc2769a1b78a27578f13a17b -> 
  custom:container-demuxer-webm: 4f35f7cbe854078d1ac9338744f61a02 -> 
  custom:container-demuxer-ogg: 62fdf1f143b41e24485cea50d1cbac27 -> 
  custom:video-encoder-webm-vp8: eb34c28f22e8b96e1ab97ce403110664 -> 
  custom:video-decoder-webm-vp8: 9c59270c3fd7afecdb556c50c9e8de78 -> 
  custom:audio-decoder-ogg-vorbis: bf7c407c2cedff20999df2af8eb42d56 -> 
  custom:audio-encoder-webm-vorbis: bf7c407c2cedff20999df2af8eb42d56 -> 
========================================================================
Received Import Request.
  Time since last request: 112.470567 seconds.
  path: Assets/Script/LearnIf.cs
  artifactKey: Guid(d7d3c5608a1d9dc47a173181672dc5a5) Importer(815301076,1909f56bfc062723c751e8b465ee728b)
Start importing Assets/Script/LearnIf.cs using Guid(d7d3c5608a1d9dc47a173181672dc5a5) Importer(815301076,1909f56bfc062723c751e8b465ee728b)  -> (artifact id: '29b76928665dc9e35326fd2a5419a41e') in 0.005608 seconds 
  Import took 0.009769 seconds .

========================================================================
Received Prepare
Registering precompiled user dll's ...
Registered in 0.001629 seconds.
Begin MonoManager ReloadAssembly
Native extension for WindowsStandalone target not found
Native extension for WebGL target not found
Refreshing native plugins compatible for Editor in 1.14 ms, found 3 plugins.
Preloading 0 native plugins for Editor in 0.00 ms.
Mono: successfully reloaded assembly
- Completed reload, in  0.996 seconds
Domain Reload Profiling:
	ReloadAssembly (996ms)
		BeginReloadAssembly (110ms)
			ExecutionOrderSort (0ms)
			DisableScriptedObjects (5ms)
			BackupInstance (0ms)
			ReleaseScriptingObjects (0ms)
			CreateAndSetChildDomain (40ms)
		EndReloadAssembly (822ms)
			LoadAssemblies (90ms)
			RebuildTransferFunctionScriptingTraits (0ms)
			SetupTypeCache (271ms)
			ReleaseScriptCaches (1ms)
			RebuildScriptCaches (41ms)
			SetupLoadedEditorAssemblies (287ms)
				LogAssemblyErrors (0ms)
				InitializePlatformSupportModulesInManaged (8ms)
				SetLoadedEditorAssemblies (1ms)
				RefreshPlugins (1ms)
				BeforeProcessingInitializeOnLoad (89ms)
				ProcessInitializeOnLoadAttributes (180ms)
				ProcessInitializeOnLoadMethodAttributes (4ms)
				AfterProcessingInitializeOnLoad (4ms)
				EditorAssembliesLoaded (0ms)
			ExecutionOrderSort2 (0ms)
			AwakeInstancesAfterBackupRestoration (9ms)
Platform modules already initialized, skipping
Refreshing native plugins compatible for Editor in 0.44 ms, found 3 plugins.
Preloading 0 native plugins for Editor in 0.00 ms.
Unloading 2087 Unused Serialized files (Serialized files now loaded: 0)
System memory in use before: 94.1 MB.
System memory in use after: 94.2 MB.

Unloading 14 unused Assets to reduce memory usage. Loaded Objects now: 2571.
Total: 2.841000 ms (FindLiveObjects: 0.185100 ms CreateObjectMapping: 0.059800 ms MarkObjects: 2.578900 ms  DeleteObjects: 0.016300 ms)

AssetImportParameters requested are different than current active one (requested -> active):
  custom:framework-win-MediaFoundation: 216162199b28c13a410421893ffa2e32 -> 
  custom:video-decoder-ogg-theora: a1e56fd34408186e4bbccfd4996cb3dc -> 
  custom:container-muxer-webm: aa71ff27fc2769a1b78a27578f13a17b -> 
  custom:container-demuxer-webm: 4f35f7cbe854078d1ac9338744f61a02 -> 
  custom:container-demuxer-ogg: 62fdf1f143b41e24485cea50d1cbac27 -> 
  custom:video-encoder-webm-vp8: eb34c28f22e8b96e1ab97ce403110664 -> 
  custom:video-decoder-webm-vp8: 9c59270c3fd7afecdb556c50c9e8de78 -> 
  custom:audio-decoder-ogg-vorbis: bf7c407c2cedff20999df2af8eb42d56 -> 
  custom:audio-encoder-webm-vorbis: bf7c407c2cedff20999df2af8eb42d56 -> 
========================================================================
Received Import Request.
  Time since last request: 544.853856 seconds.
  path: Assets/Script/LearnIf.cs
  artifactKey: Guid(d7d3c5608a1d9dc47a173181672dc5a5) Importer(815301076,1909f56bfc062723c751e8b465ee728b)
Start importing Assets/Script/LearnIf.cs using Guid(d7d3c5608a1d9dc47a173181672dc5a5) Importer(815301076,1909f56bfc062723c751e8b465ee728b)  -> (artifact id: '46d77c6287d812e36673af90876bd669') in 0.004505 seconds 
  Import took 0.007711 seconds .

========================================================================
Received Import Request.
  Time since last request: 0.068559 seconds.
  path: Assets/Script/LearnIf.cs
  artifactKey: Guid(d7d3c5608a1d9dc47a173181672dc5a5) Importer(815301076,1909f56bfc062723c751e8b465ee728b)
Start importing Assets/Script/LearnIf.cs using Guid(d7d3c5608a1d9dc47a173181672dc5a5) Importer(815301076,1909f56bfc062723c751e8b465ee728b)  -> (artifact id: '46d77c6287d812e36673af90876bd669') in 0.001251 seconds 
  Import took 0.005775 seconds .

========================================================================
Received Prepare
Registering precompiled user dll's ...
Registered in 0.001801 seconds.
Begin MonoManager ReloadAssembly
Native extension for WindowsStandalone target not found
Native extension for WebGL target not found
Refreshing native plugins compatible for Editor in 0.43 ms, found 3 plugins.
Preloading 0 native plugins for Editor in 0.00 ms.
Mono: successfully reloaded assembly
- Completed reload, in  0.980 seconds
Domain Reload Profiling:
	ReloadAssembly (980ms)
		BeginReloadAssembly (103ms)
			ExecutionOrderSort (0ms)
			DisableScriptedObjects (6ms)
			BackupInstance (0ms)
			ReleaseScriptingObjects (0ms)
			CreateAndSetChildDomain (41ms)
		EndReloadAssembly (817ms)
			LoadAssemblies (73ms)
			RebuildTransferFunctionScriptingTraits (0ms)
			SetupTypeCache (307ms)
			ReleaseScriptCaches (1ms)
			RebuildScriptCaches (54ms)
			SetupLoadedEditorAssemblies (279ms)
				LogAssemblyErrors (0ms)
				InitializePlatformSupportModulesInManaged (5ms)
				SetLoadedEditorAssemblies (0ms)
				RefreshPlugins (0ms)
				BeforeProcessingInitializeOnLoad (87ms)
				ProcessInitializeOnLoadAttributes (177ms)
				ProcessInitializeOnLoadMethodAttributes (4ms)
				AfterProcessingInitializeOnLoad (4ms)
				EditorAssembliesLoaded (0ms)
			ExecutionOrderSort2 (0ms)
			AwakeInstancesAfterBackupRestoration (9ms)
Platform modules already initialized, skipping
Refreshing native plugins compatible for Editor in 0.44 ms, found 3 plugins.
Preloading 0 native plugins for Editor in 0.00 ms.
Unloading 2087 Unused Serialized files (Serialized files now loaded: 0)
System memory in use before: 94.1 MB.
System memory in use after: 94.2 MB.

Unloading 14 unused Assets to reduce memory usage. Loaded Objects now: 2574.
Total: 3.021500 ms (FindLiveObjects: 0.168400 ms CreateObjectMapping: 0.070800 ms MarkObjects: 2.754000 ms  DeleteObjects: 0.027600 ms)

AssetImportParameters requested are different than current active one (requested -> active):
  custom:framework-win-MediaFoundation: 216162199b28c13a410421893ffa2e32 -> 
  custom:video-decoder-ogg-theora: a1e56fd34408186e4bbccfd4996cb3dc -> 
  custom:container-muxer-webm: aa71ff27fc2769a1b78a27578f13a17b -> 
  custom:container-demuxer-webm: 4f35f7cbe854078d1ac9338744f61a02 -> 
  custom:container-demuxer-ogg: 62fdf1f143b41e24485cea50d1cbac27 -> 
  custom:video-encoder-webm-vp8: eb34c28f22e8b96e1ab97ce403110664 -> 
  custom:video-decoder-webm-vp8: 9c59270c3fd7afecdb556c50c9e8de78 -> 
  custom:audio-decoder-ogg-vorbis: bf7c407c2cedff20999df2af8eb42d56 -> 
  custom:audio-encoder-webm-vorbis: bf7c407c2cedff20999df2af8eb42d56 -> 
AssetImportWorkerClient::OnTransportError - code=2 error=End of file
